[2023-10-26 01:43:11:854][main] INFO  o.p.v.VouchermanagerApplication - Starting VouchermanagerApplication using Java 17.0.6 with PID 27920 (D:\Users\programmers\vouchermanager\target\classes started by dlswn in D:\Users\programmers\vouchermanager)
[2023-10-26 01:43:11:859][main] INFO  o.p.v.VouchermanagerApplication - The following 1 profile is active: "jdbc"
[2023-10-26 01:43:12:1548][main] INFO  o.p.v.VouchermanagerApplication - Started VouchermanagerApplication in 1.177 seconds (process running for 2.043)
[2023-10-26 01:52:32:404][main] INFO  o.s.t.c.s.AnnotationConfigContextLoaderUtils - Could not detect default configuration classes for test class [org.prgrms.vouchermanager.repository.voucher.JdbcVoucherRepositoryTest]: JdbcVoucherRepositoryTest does not declare any static, non-private, non-final, nested classes annotated with @Configuration.
[2023-10-26 01:52:32:570][main] INFO  o.s.b.t.c.SpringBootTestContextBootstrapper - Found @SpringBootConfiguration org.prgrms.vouchermanager.VouchermanagerApplication for test class org.prgrms.vouchermanager.repository.voucher.JdbcVoucherRepositoryTest
[2023-10-26 01:52:33:1046][main] INFO  o.p.v.r.v.JdbcVoucherRepositoryTest - Starting JdbcVoucherRepositoryTest using Java 17.0.6 with PID 5532 (started by dlswn in D:\Users\programmers\vouchermanager)
[2023-10-26 01:52:33:1048][main] INFO  o.p.v.r.v.JdbcVoucherRepositoryTest - The following 1 profile is active: "jdbc"
[2023-10-26 01:52:33:1938][main] INFO  o.p.v.r.v.JdbcVoucherRepositoryTest - Started JdbcVoucherRepositoryTest in 1.191 seconds (process running for 2.534)
[2023-10-26 01:52:34:1987][main] INFO  com.zaxxer.hikari.HikariDataSource - HikariPool-1 - Starting...
[2023-10-26 01:52:34:2416][main] INFO  com.zaxxer.hikari.pool.HikariPool - HikariPool-1 - Added connection com.mysql.cj.jdbc.ConnectionImpl@3e3cd6fe
[2023-10-26 01:52:34:2418][main] INFO  com.zaxxer.hikari.HikariDataSource - HikariPool-1 - Start completed.
[2023-10-26 01:52:35:3543][main] ERROR o.p.v.r.v.JdbcVoucherRepository - Not exist
[2023-10-26 01:52:35:3554][SpringApplicationShutdownHook] INFO  com.zaxxer.hikari.HikariDataSource - HikariPool-1 - Shutdown initiated...
[2023-10-26 01:52:35:3564][SpringApplicationShutdownHook] INFO  com.zaxxer.hikari.HikariDataSource - HikariPool-1 - Shutdown completed.
[2023-10-26 01:52:44:428][main] INFO  o.s.t.c.s.AnnotationConfigContextLoaderUtils - Could not detect default configuration classes for test class [org.prgrms.vouchermanager.repository.wallet.JdbcWalletRepositoryTest]: JdbcWalletRepositoryTest does not declare any static, non-private, non-final, nested classes annotated with @Configuration.
[2023-10-26 01:52:44:592][main] INFO  o.s.b.t.c.SpringBootTestContextBootstrapper - Found @SpringBootConfiguration org.prgrms.vouchermanager.VouchermanagerApplication for test class org.prgrms.vouchermanager.repository.wallet.JdbcWalletRepositoryTest
[2023-10-26 01:52:44:715][main] INFO  o.s.t.c.s.AnnotationConfigContextLoaderUtils - Could not detect default configuration classes for test class [org.prgrms.vouchermanager.repository.wallet.JdbcWalletRepositoryTest$delete]: delete does not declare any static, non-private, non-final, nested classes annotated with @Configuration.
[2023-10-26 01:52:44:723][main] INFO  o.s.b.t.c.SpringBootTestContextBootstrapper - Found @SpringBootConfiguration org.prgrms.vouchermanager.VouchermanagerApplication for test class org.prgrms.vouchermanager.repository.wallet.JdbcWalletRepositoryTest$delete
[2023-10-26 01:52:45:1083][main] INFO  o.p.v.r.w.JdbcWalletRepositoryTest - Starting JdbcWalletRepositoryTest using Java 17.0.6 with PID 14764 (started by dlswn in D:\Users\programmers\vouchermanager)
[2023-10-26 01:52:45:1084][main] INFO  o.p.v.r.w.JdbcWalletRepositoryTest - The following 1 profile is active: "jdbc"
[2023-10-26 01:52:45:1905][main] INFO  o.p.v.r.w.JdbcWalletRepositoryTest - Started JdbcWalletRepositoryTest in 1.119 seconds (process running for 2.612)
[2023-10-26 01:52:46:1944][main] INFO  com.zaxxer.hikari.HikariDataSource - HikariPool-1 - Starting...
[2023-10-26 01:52:46:2363][main] INFO  com.zaxxer.hikari.pool.HikariPool - HikariPool-1 - Added connection com.mysql.cj.jdbc.ConnectionImpl@327e5be5
[2023-10-26 01:52:46:2366][main] INFO  com.zaxxer.hikari.HikariDataSource - HikariPool-1 - Start completed.
[2023-10-26 01:52:47:3276][main] ERROR o.p.v.r.wallet.JdbcWalletRepository - Not exists
[2023-10-26 01:52:47:3279][main] ERROR o.p.v.r.wallet.JdbcWalletRepository - Not exists
[2023-10-26 01:52:47:3366][main] INFO  o.s.t.c.s.AnnotationConfigContextLoaderUtils - Could not detect default configuration classes for test class [org.prgrms.vouchermanager.repository.wallet.JdbcWalletRepositoryTest$findByVoucher]: findByVoucher does not declare any static, non-private, non-final, nested classes annotated with @Configuration.
[2023-10-26 01:52:47:3368][main] INFO  o.s.b.t.c.SpringBootTestContextBootstrapper - Found @SpringBootConfiguration org.prgrms.vouchermanager.VouchermanagerApplication for test class org.prgrms.vouchermanager.repository.wallet.JdbcWalletRepositoryTest$findByVoucher
[2023-10-26 01:52:47:3382][main] ERROR o.p.v.r.wallet.JdbcWalletRepository - Not exists
[2023-10-26 01:52:47:3407][main] INFO  o.s.t.c.s.AnnotationConfigContextLoaderUtils - Could not detect default configuration classes for test class [org.prgrms.vouchermanager.repository.wallet.JdbcWalletRepositoryTest$save]: save does not declare any static, non-private, non-final, nested classes annotated with @Configuration.
[2023-10-26 01:52:47:3411][main] INFO  o.s.b.t.c.SpringBootTestContextBootstrapper - Found @SpringBootConfiguration org.prgrms.vouchermanager.VouchermanagerApplication for test class org.prgrms.vouchermanager.repository.wallet.JdbcWalletRepositoryTest$save
[2023-10-26 01:52:47:3421][main] ERROR o.p.v.r.wallet.JdbcWalletRepository - Not exists
[2023-10-26 01:52:47:3450][SpringApplicationShutdownHook] INFO  com.zaxxer.hikari.HikariDataSource - HikariPool-1 - Shutdown initiated...
[2023-10-26 01:52:47:3461][SpringApplicationShutdownHook] INFO  com.zaxxer.hikari.HikariDataSource - HikariPool-1 - Shutdown completed.
[2023-10-26 14:38:54:909][main] INFO  o.s.t.c.s.AnnotationConfigContextLoaderUtils - Could not detect default configuration classes for test class [org.prgrms.vouchermanager.service.CustomerServiceTest]: CustomerServiceTest does not declare any static, non-private, non-final, nested classes annotated with @Configuration.
[2023-10-26 14:39:22:535][main] INFO  o.s.t.c.s.AnnotationConfigContextLoaderUtils - Could not detect default configuration classes for test class [org.prgrms.vouchermanager.service.CustomerServiceTest]: CustomerServiceTest does not declare any static, non-private, non-final, nested classes annotated with @Configuration.
[2023-10-26 14:41:21:474][main] INFO  o.s.t.c.s.AnnotationConfigContextLoaderUtils - Could not detect default configuration classes for test class [org.prgrms.vouchermanager.service.CustomerServiceTest]: CustomerServiceTest does not declare any static, non-private, non-final, nested classes annotated with @Configuration.
[2023-10-26 14:44:51:518][main] INFO  o.s.t.c.s.AnnotationConfigContextLoaderUtils - Could not detect default configuration classes for test class [org.prgrms.vouchermanager.service.VoucherServiceTest]: VoucherServiceTest does not declare any static, non-private, non-final, nested classes annotated with @Configuration.
[2023-10-26 14:47:16:498][main] INFO  o.s.t.c.s.AnnotationConfigContextLoaderUtils - Could not detect default configuration classes for test class [org.prgrms.vouchermanager.service.VoucherServiceTest]: VoucherServiceTest does not declare any static, non-private, non-final, nested classes annotated with @Configuration.
[2023-10-26 14:47:48:436][main] INFO  o.s.t.c.s.AnnotationConfigContextLoaderUtils - Could not detect default configuration classes for test class [org.prgrms.vouchermanager.service.VoucherServiceTest]: VoucherServiceTest does not declare any static, non-private, non-final, nested classes annotated with @Configuration.
[2023-10-26 14:51:27:735][main] INFO  o.s.t.c.s.AnnotationConfigContextLoaderUtils - Could not detect default configuration classes for test class [org.prgrms.vouchermanager.service.VoucherServiceTest]: VoucherServiceTest does not declare any static, non-private, non-final, nested classes annotated with @Configuration.
[2023-10-26 14:51:27:851][main] INFO  o.s.t.c.s.AnnotationConfigContextLoaderUtils - Could not detect default configuration classes for test class [org.prgrms.vouchermanager.service.VoucherServiceTest$find]: find does not declare any static, non-private, non-final, nested classes annotated with @Configuration.
[2023-10-26 14:51:50:713][main] INFO  o.s.t.c.s.AnnotationConfigContextLoaderUtils - Could not detect default configuration classes for test class [org.prgrms.vouchermanager.service.VoucherServiceTest]: VoucherServiceTest does not declare any static, non-private, non-final, nested classes annotated with @Configuration.
[2023-10-26 14:51:51:901][main] INFO  o.s.t.c.s.AnnotationConfigContextLoaderUtils - Could not detect default configuration classes for test class [org.prgrms.vouchermanager.service.VoucherServiceTest$find]: find does not declare any static, non-private, non-final, nested classes annotated with @Configuration.
[2023-10-26 14:53:54:429][main] INFO  o.s.t.c.s.AnnotationConfigContextLoaderUtils - Could not detect default configuration classes for test class [org.prgrms.vouchermanager.service.VoucherServiceTest]: VoucherServiceTest does not declare any static, non-private, non-final, nested classes annotated with @Configuration.
[2023-10-26 14:53:54:527][main] INFO  o.s.t.c.s.AnnotationConfigContextLoaderUtils - Could not detect default configuration classes for test class [org.prgrms.vouchermanager.service.VoucherServiceTest$find]: find does not declare any static, non-private, non-final, nested classes annotated with @Configuration.
[2023-10-26 14:55:31:776][main] INFO  o.s.t.c.s.AnnotationConfigContextLoaderUtils - Could not detect default configuration classes for test class [org.prgrms.vouchermanager.service.CustomerServiceTest]: CustomerServiceTest does not declare any static, non-private, non-final, nested classes annotated with @Configuration.
[2023-10-26 14:55:45:737][main] INFO  o.s.t.c.s.AnnotationConfigContextLoaderUtils - Could not detect default configuration classes for test class [org.prgrms.vouchermanager.repository.voucher.JdbcVoucherRepositoryTest]: JdbcVoucherRepositoryTest does not declare any static, non-private, non-final, nested classes annotated with @Configuration.
[2023-10-26 14:55:45:1010][main] INFO  o.s.b.t.c.SpringBootTestContextBootstrapper - Found @SpringBootConfiguration org.prgrms.vouchermanager.VouchermanagerApplication for test class org.prgrms.vouchermanager.repository.voucher.JdbcVoucherRepositoryTest
[2023-10-26 14:55:46:2008][main] INFO  o.p.v.r.v.JdbcVoucherRepositoryTest - Starting JdbcVoucherRepositoryTest using Java 17.0.6 with PID 13452 (started by dlswn in D:\Users\programmers\vouchermanager)
[2023-10-26 14:55:46:2010][main] INFO  o.p.v.r.v.JdbcVoucherRepositoryTest - The following 1 profile is active: "jdbc"
[2023-10-26 14:55:48:3529][main] INFO  o.p.v.r.v.JdbcVoucherRepositoryTest - Started JdbcVoucherRepositoryTest in 2.143 seconds (process running for 5.428)
[2023-10-26 14:55:48:3586][main] INFO  com.zaxxer.hikari.HikariDataSource - HikariPool-1 - Starting...
[2023-10-26 14:55:49:4444][main] INFO  com.zaxxer.hikari.pool.HikariPool - HikariPool-1 - Added connection com.mysql.cj.jdbc.ConnectionImpl@472d0f4
[2023-10-26 14:55:49:4448][main] INFO  com.zaxxer.hikari.HikariDataSource - HikariPool-1 - Start completed.
[2023-10-26 14:55:50:6263][main] ERROR o.p.v.r.v.JdbcVoucherRepository - Not exist
[2023-10-26 14:55:50:6282][main] INFO  o.s.t.c.s.AnnotationConfigContextLoaderUtils - Could not detect default configuration classes for test class [org.prgrms.vouchermanager.repository.customer.JdbcCustomerRepositoryTest]: JdbcCustomerRepositoryTest does not declare any static, non-private, non-final, nested classes annotated with @Configuration.
[2023-10-26 14:55:51:6321][main] INFO  o.s.b.t.c.SpringBootTestContextBootstrapper - Found @SpringBootConfiguration org.prgrms.vouchermanager.VouchermanagerApplication for test class org.prgrms.vouchermanager.repository.customer.JdbcCustomerRepositoryTest
[2023-10-26 14:55:51:6416][main] ERROR o.p.v.r.c.JdbcCustomerRepository - Not exists
[2023-10-26 14:55:51:6435][main] INFO  o.s.t.c.s.AnnotationConfigContextLoaderUtils - Could not detect default configuration classes for test class [org.prgrms.vouchermanager.service.CustomerServiceTest]: CustomerServiceTest does not declare any static, non-private, non-final, nested classes annotated with @Configuration.
[2023-10-26 14:55:51:6986][main] INFO  o.s.t.c.s.AnnotationConfigContextLoaderUtils - Could not detect default configuration classes for test class [org.prgrms.vouchermanager.service.VoucherServiceTest]: VoucherServiceTest does not declare any static, non-private, non-final, nested classes annotated with @Configuration.
[2023-10-26 14:55:51:7106][main] INFO  o.s.t.c.s.AnnotationConfigContextLoaderUtils - Could not detect default configuration classes for test class [org.prgrms.vouchermanager.service.VoucherServiceTest$find]: find does not declare any static, non-private, non-final, nested classes annotated with @Configuration.
[2023-10-26 14:55:51:7189][main] INFO  o.s.t.c.s.AnnotationConfigContextLoaderUtils - Could not detect default configuration classes for test class [org.prgrms.vouchermanager.VouchermanagerApplicationTests]: VouchermanagerApplicationTests does not declare any static, non-private, non-final, nested classes annotated with @Configuration.
[2023-10-26 14:55:51:7240][main] INFO  o.s.b.t.c.SpringBootTestContextBootstrapper - Found @SpringBootConfiguration org.prgrms.vouchermanager.VouchermanagerApplication for test class org.prgrms.vouchermanager.VouchermanagerApplicationTests
[2023-10-26 14:55:51:7310][main] INFO  o.s.t.c.s.AnnotationConfigContextLoaderUtils - Could not detect default configuration classes for test class [org.prgrms.vouchermanager.repository.wallet.JdbcWalletRepositoryTest]: JdbcWalletRepositoryTest does not declare any static, non-private, non-final, nested classes annotated with @Configuration.
[2023-10-26 14:55:52:7376][main] INFO  o.s.b.t.c.SpringBootTestContextBootstrapper - Found @SpringBootConfiguration org.prgrms.vouchermanager.VouchermanagerApplication for test class org.prgrms.vouchermanager.repository.wallet.JdbcWalletRepositoryTest
[2023-10-26 14:55:52:7386][main] INFO  o.s.t.c.s.AnnotationConfigContextLoaderUtils - Could not detect default configuration classes for test class [org.prgrms.vouchermanager.repository.wallet.JdbcWalletRepositoryTest$delete]: delete does not declare any static, non-private, non-final, nested classes annotated with @Configuration.
[2023-10-26 14:55:52:7391][main] INFO  o.s.b.t.c.SpringBootTestContextBootstrapper - Found @SpringBootConfiguration org.prgrms.vouchermanager.VouchermanagerApplication for test class org.prgrms.vouchermanager.repository.wallet.JdbcWalletRepositoryTest$delete
[2023-10-26 14:55:52:7429][main] ERROR o.p.v.r.wallet.JdbcWalletRepository - Not exists
[2023-10-26 14:55:52:7431][main] ERROR o.p.v.r.wallet.JdbcWalletRepository - Not exists
[2023-10-26 14:55:52:7444][main] INFO  o.s.t.c.s.AnnotationConfigContextLoaderUtils - Could not detect default configuration classes for test class [org.prgrms.vouchermanager.repository.wallet.JdbcWalletRepositoryTest$findByVoucher]: findByVoucher does not declare any static, non-private, non-final, nested classes annotated with @Configuration.
[2023-10-26 14:55:52:7447][main] INFO  o.s.b.t.c.SpringBootTestContextBootstrapper - Found @SpringBootConfiguration org.prgrms.vouchermanager.VouchermanagerApplication for test class org.prgrms.vouchermanager.repository.wallet.JdbcWalletRepositoryTest$findByVoucher
[2023-10-26 14:55:52:7470][main] ERROR o.p.v.r.wallet.JdbcWalletRepository - Not exists
[2023-10-26 14:55:52:7525][main] INFO  o.s.t.c.s.AnnotationConfigContextLoaderUtils - Could not detect default configuration classes for test class [org.prgrms.vouchermanager.repository.wallet.JdbcWalletRepositoryTest$save]: save does not declare any static, non-private, non-final, nested classes annotated with @Configuration.
[2023-10-26 14:55:52:7535][main] INFO  o.s.b.t.c.SpringBootTestContextBootstrapper - Found @SpringBootConfiguration org.prgrms.vouchermanager.VouchermanagerApplication for test class org.prgrms.vouchermanager.repository.wallet.JdbcWalletRepositoryTest$save
[2023-10-26 14:55:52:7560][main] ERROR o.p.v.r.wallet.JdbcWalletRepository - Not exists
[2023-10-26 14:55:52:7671][SpringApplicationShutdownHook] INFO  com.zaxxer.hikari.HikariDataSource - HikariPool-1 - Shutdown initiated...
[2023-10-26 14:55:52:7791][SpringApplicationShutdownHook] INFO  com.zaxxer.hikari.HikariDataSource - HikariPool-1 - Shutdown completed.
[2023-10-26 14:56:50:477][main] INFO  o.s.t.c.s.AnnotationConfigContextLoaderUtils - Could not detect default configuration classes for test class [org.prgrms.vouchermanager.repository.voucher.JdbcVoucherRepositoryTest]: JdbcVoucherRepositoryTest does not declare any static, non-private, non-final, nested classes annotated with @Configuration.
[2023-10-26 14:56:50:651][main] INFO  o.s.b.t.c.SpringBootTestContextBootstrapper - Found @SpringBootConfiguration org.prgrms.vouchermanager.VouchermanagerApplication for test class org.prgrms.vouchermanager.repository.voucher.JdbcVoucherRepositoryTest
[2023-10-26 14:56:51:1163][main] INFO  o.p.v.r.v.JdbcVoucherRepositoryTest - Starting JdbcVoucherRepositoryTest using Java 17.0.6 with PID 23384 (started by dlswn in D:\Users\programmers\vouchermanager)
[2023-10-26 14:56:51:1164][main] INFO  o.p.v.r.v.JdbcVoucherRepositoryTest - The following 1 profile is active: "jdbc"
[2023-10-26 14:56:52:2091][main] INFO  o.p.v.r.v.JdbcVoucherRepositoryTest - Started JdbcVoucherRepositoryTest in 1.246 seconds (process running for 3.013)
[2023-10-26 14:56:52:2130][main] INFO  com.zaxxer.hikari.HikariDataSource - HikariPool-1 - Starting...
[2023-10-26 14:56:52:2624][main] INFO  com.zaxxer.hikari.pool.HikariPool - HikariPool-1 - Added connection com.mysql.cj.jdbc.ConnectionImpl@8a6631b
[2023-10-26 14:56:52:2627][main] INFO  com.zaxxer.hikari.HikariDataSource - HikariPool-1 - Start completed.
[2023-10-26 14:56:53:3694][main] ERROR o.p.v.r.v.JdbcVoucherRepository - Not exist
[2023-10-26 14:56:53:3707][main] INFO  o.s.t.c.s.AnnotationConfigContextLoaderUtils - Could not detect default configuration classes for test class [org.prgrms.vouchermanager.repository.customer.JdbcCustomerRepositoryTest]: JdbcCustomerRepositoryTest does not declare any static, non-private, non-final, nested classes annotated with @Configuration.
[2023-10-26 14:56:53:3738][main] INFO  o.s.b.t.c.SpringBootTestContextBootstrapper - Found @SpringBootConfiguration org.prgrms.vouchermanager.VouchermanagerApplication for test class org.prgrms.vouchermanager.repository.customer.JdbcCustomerRepositoryTest
[2023-10-26 14:56:54:3804][main] ERROR o.p.v.r.c.JdbcCustomerRepository - Not exists
[2023-10-26 14:56:54:3823][main] INFO  o.s.t.c.s.AnnotationConfigContextLoaderUtils - Could not detect default configuration classes for test class [org.prgrms.vouchermanager.service.CustomerServiceTest]: CustomerServiceTest does not declare any static, non-private, non-final, nested classes annotated with @Configuration.
[2023-10-26 14:56:54:4173][main] INFO  o.s.t.c.s.AnnotationConfigContextLoaderUtils - Could not detect default configuration classes for test class [org.prgrms.vouchermanager.service.VoucherServiceTest]: VoucherServiceTest does not declare any static, non-private, non-final, nested classes annotated with @Configuration.
[2023-10-26 14:56:54:4244][main] INFO  o.s.t.c.s.AnnotationConfigContextLoaderUtils - Could not detect default configuration classes for test class [org.prgrms.vouchermanager.service.VoucherServiceTest$find]: find does not declare any static, non-private, non-final, nested classes annotated with @Configuration.
[2023-10-26 14:56:54:4321][main] INFO  o.s.t.c.s.AnnotationConfigContextLoaderUtils - Could not detect default configuration classes for test class [org.prgrms.vouchermanager.VouchermanagerApplicationTests]: VouchermanagerApplicationTests does not declare any static, non-private, non-final, nested classes annotated with @Configuration.
[2023-10-26 14:56:54:4343][main] INFO  o.s.b.t.c.SpringBootTestContextBootstrapper - Found @SpringBootConfiguration org.prgrms.vouchermanager.VouchermanagerApplication for test class org.prgrms.vouchermanager.VouchermanagerApplicationTests
[2023-10-26 14:56:54:4400][main] INFO  o.s.t.c.s.AnnotationConfigContextLoaderUtils - Could not detect default configuration classes for test class [org.prgrms.vouchermanager.repository.wallet.JdbcWalletRepositoryTest]: JdbcWalletRepositoryTest does not declare any static, non-private, non-final, nested classes annotated with @Configuration.
[2023-10-26 14:56:54:4449][main] INFO  o.s.b.t.c.SpringBootTestContextBootstrapper - Found @SpringBootConfiguration org.prgrms.vouchermanager.VouchermanagerApplication for test class org.prgrms.vouchermanager.repository.wallet.JdbcWalletRepositoryTest
[2023-10-26 14:56:54:4458][main] INFO  o.s.t.c.s.AnnotationConfigContextLoaderUtils - Could not detect default configuration classes for test class [org.prgrms.vouchermanager.repository.wallet.JdbcWalletRepositoryTest$delete]: delete does not declare any static, non-private, non-final, nested classes annotated with @Configuration.
[2023-10-26 14:56:54:4462][main] INFO  o.s.b.t.c.SpringBootTestContextBootstrapper - Found @SpringBootConfiguration org.prgrms.vouchermanager.VouchermanagerApplication for test class org.prgrms.vouchermanager.repository.wallet.JdbcWalletRepositoryTest$delete
[2023-10-26 14:56:54:4482][main] ERROR o.p.v.r.wallet.JdbcWalletRepository - Not exists
[2023-10-26 14:56:54:4485][main] ERROR o.p.v.r.wallet.JdbcWalletRepository - Not exists
[2023-10-26 14:56:54:4495][main] INFO  o.s.t.c.s.AnnotationConfigContextLoaderUtils - Could not detect default configuration classes for test class [org.prgrms.vouchermanager.repository.wallet.JdbcWalletRepositoryTest$findByVoucher]: findByVoucher does not declare any static, non-private, non-final, nested classes annotated with @Configuration.
[2023-10-26 14:56:54:4501][main] INFO  o.s.b.t.c.SpringBootTestContextBootstrapper - Found @SpringBootConfiguration org.prgrms.vouchermanager.VouchermanagerApplication for test class org.prgrms.vouchermanager.repository.wallet.JdbcWalletRepositoryTest$findByVoucher
[2023-10-26 14:56:54:4521][main] ERROR o.p.v.r.wallet.JdbcWalletRepository - Not exists
[2023-10-26 14:56:54:4550][main] INFO  o.s.t.c.s.AnnotationConfigContextLoaderUtils - Could not detect default configuration classes for test class [org.prgrms.vouchermanager.repository.wallet.JdbcWalletRepositoryTest$save]: save does not declare any static, non-private, non-final, nested classes annotated with @Configuration.
[2023-10-26 14:56:54:4554][main] INFO  o.s.b.t.c.SpringBootTestContextBootstrapper - Found @SpringBootConfiguration org.prgrms.vouchermanager.VouchermanagerApplication for test class org.prgrms.vouchermanager.repository.wallet.JdbcWalletRepositoryTest$save
[2023-10-26 14:56:54:4574][main] ERROR o.p.v.r.wallet.JdbcWalletRepository - Not exists
[2023-10-26 14:56:54:4612][SpringApplicationShutdownHook] INFO  com.zaxxer.hikari.HikariDataSource - HikariPool-1 - Shutdown initiated...
[2023-10-26 14:56:54:4630][SpringApplicationShutdownHook] INFO  com.zaxxer.hikari.HikariDataSource - HikariPool-1 - Shutdown completed.
[2023-10-26 14:58:10:666][main] INFO  o.s.t.c.s.AnnotationConfigContextLoaderUtils - Could not detect default configuration classes for test class [org.prgrms.vouchermanager.repository.voucher.JdbcVoucherRepositoryTest]: JdbcVoucherRepositoryTest does not declare any static, non-private, non-final, nested classes annotated with @Configuration.
[2023-10-26 14:58:10:926][main] INFO  o.s.b.t.c.SpringBootTestContextBootstrapper - Found @SpringBootConfiguration org.prgrms.vouchermanager.VouchermanagerApplication for test class org.prgrms.vouchermanager.repository.voucher.JdbcVoucherRepositoryTest
[2023-10-26 14:58:11:1725][main] INFO  o.p.v.r.v.JdbcVoucherRepositoryTest - Starting JdbcVoucherRepositoryTest using Java 17.0.6 with PID 20220 (started by dlswn in D:\Users\programmers\vouchermanager)
[2023-10-26 14:58:11:1726][main] INFO  o.p.v.r.v.JdbcVoucherRepositoryTest - The following 1 profile is active: "jdbc"
[2023-10-26 14:58:12:2989][main] INFO  o.p.v.r.v.JdbcVoucherRepositoryTest - Started JdbcVoucherRepositoryTest in 1.734 seconds (process running for 4.313)
[2023-10-26 14:58:13:3045][main] INFO  com.zaxxer.hikari.HikariDataSource - HikariPool-1 - Starting...
[2023-10-26 14:58:13:3697][main] INFO  com.zaxxer.hikari.pool.HikariPool - HikariPool-1 - Added connection com.mysql.cj.jdbc.ConnectionImpl@4f486211
[2023-10-26 14:58:13:3702][main] INFO  com.zaxxer.hikari.HikariDataSource - HikariPool-1 - Start completed.
[2023-10-26 14:58:15:5392][main] ERROR o.p.v.r.v.JdbcVoucherRepository - Not exist
[2023-10-26 14:58:15:5410][main] INFO  o.s.t.c.s.AnnotationConfigContextLoaderUtils - Could not detect default configuration classes for test class [org.prgrms.vouchermanager.repository.customer.JdbcCustomerRepositoryTest]: JdbcCustomerRepositoryTest does not declare any static, non-private, non-final, nested classes annotated with @Configuration.
[2023-10-26 14:58:15:5442][main] INFO  o.s.b.t.c.SpringBootTestContextBootstrapper - Found @SpringBootConfiguration org.prgrms.vouchermanager.VouchermanagerApplication for test class org.prgrms.vouchermanager.repository.customer.JdbcCustomerRepositoryTest
[2023-10-26 14:58:15:5515][main] ERROR o.p.v.r.c.JdbcCustomerRepository - Not exists
[2023-10-26 14:58:15:5533][main] INFO  o.s.t.c.s.AnnotationConfigContextLoaderUtils - Could not detect default configuration classes for test class [org.prgrms.vouchermanager.service.CustomerServiceTest]: CustomerServiceTest does not declare any static, non-private, non-final, nested classes annotated with @Configuration.
[2023-10-26 14:58:15:5968][main] INFO  o.s.t.c.s.AnnotationConfigContextLoaderUtils - Could not detect default configuration classes for test class [org.prgrms.vouchermanager.service.VoucherServiceTest]: VoucherServiceTest does not declare any static, non-private, non-final, nested classes annotated with @Configuration.
[2023-10-26 14:58:16:6062][main] INFO  o.s.t.c.s.AnnotationConfigContextLoaderUtils - Could not detect default configuration classes for test class [org.prgrms.vouchermanager.service.VoucherServiceTest$find]: find does not declare any static, non-private, non-final, nested classes annotated with @Configuration.
[2023-10-26 14:58:16:6152][main] INFO  o.s.t.c.s.AnnotationConfigContextLoaderUtils - Could not detect default configuration classes for test class [org.prgrms.vouchermanager.VouchermanagerApplicationTests]: VouchermanagerApplicationTests does not declare any static, non-private, non-final, nested classes annotated with @Configuration.
[2023-10-26 14:58:16:6256][main] INFO  o.s.b.t.c.SpringBootTestContextBootstrapper - Found @SpringBootConfiguration org.prgrms.vouchermanager.VouchermanagerApplication for test class org.prgrms.vouchermanager.VouchermanagerApplicationTests
[2023-10-26 14:58:16:6356][main] INFO  o.s.t.c.s.AnnotationConfigContextLoaderUtils - Could not detect default configuration classes for test class [org.prgrms.vouchermanager.repository.wallet.JdbcWalletRepositoryTest]: JdbcWalletRepositoryTest does not declare any static, non-private, non-final, nested classes annotated with @Configuration.
[2023-10-26 14:58:16:6469][main] INFO  o.s.b.t.c.SpringBootTestContextBootstrapper - Found @SpringBootConfiguration org.prgrms.vouchermanager.VouchermanagerApplication for test class org.prgrms.vouchermanager.repository.wallet.JdbcWalletRepositoryTest
[2023-10-26 14:58:16:6486][main] INFO  o.s.t.c.s.AnnotationConfigContextLoaderUtils - Could not detect default configuration classes for test class [org.prgrms.vouchermanager.repository.wallet.JdbcWalletRepositoryTest$delete]: delete does not declare any static, non-private, non-final, nested classes annotated with @Configuration.
[2023-10-26 14:58:16:6492][main] INFO  o.s.b.t.c.SpringBootTestContextBootstrapper - Found @SpringBootConfiguration org.prgrms.vouchermanager.VouchermanagerApplication for test class org.prgrms.vouchermanager.repository.wallet.JdbcWalletRepositoryTest$delete
[2023-10-26 14:58:16:6543][main] ERROR o.p.v.r.wallet.JdbcWalletRepository - Not exists
[2023-10-26 14:58:16:6546][main] ERROR o.p.v.r.wallet.JdbcWalletRepository - Not exists
[2023-10-26 14:58:16:6560][main] INFO  o.s.t.c.s.AnnotationConfigContextLoaderUtils - Could not detect default configuration classes for test class [org.prgrms.vouchermanager.repository.wallet.JdbcWalletRepositoryTest$findByVoucher]: findByVoucher does not declare any static, non-private, non-final, nested classes annotated with @Configuration.
[2023-10-26 14:58:16:6567][main] INFO  o.s.b.t.c.SpringBootTestContextBootstrapper - Found @SpringBootConfiguration org.prgrms.vouchermanager.VouchermanagerApplication for test class org.prgrms.vouchermanager.repository.wallet.JdbcWalletRepositoryTest$findByVoucher
[2023-10-26 14:58:16:6597][main] ERROR o.p.v.r.wallet.JdbcWalletRepository - Not exists
[2023-10-26 14:58:16:6640][main] INFO  o.s.t.c.s.AnnotationConfigContextLoaderUtils - Could not detect default configuration classes for test class [org.prgrms.vouchermanager.repository.wallet.JdbcWalletRepositoryTest$save]: save does not declare any static, non-private, non-final, nested classes annotated with @Configuration.
[2023-10-26 14:58:16:6647][main] INFO  o.s.b.t.c.SpringBootTestContextBootstrapper - Found @SpringBootConfiguration org.prgrms.vouchermanager.VouchermanagerApplication for test class org.prgrms.vouchermanager.repository.wallet.JdbcWalletRepositoryTest$save
[2023-10-26 14:58:16:6674][main] ERROR o.p.v.r.wallet.JdbcWalletRepository - Not exists
[2023-10-26 14:58:16:6777][SpringApplicationShutdownHook] INFO  com.zaxxer.hikari.HikariDataSource - HikariPool-1 - Shutdown initiated...
[2023-10-26 14:58:16:6878][SpringApplicationShutdownHook] INFO  com.zaxxer.hikari.HikariDataSource - HikariPool-1 - Shutdown completed.
[2023-10-26 15:03:19:788][main] INFO  o.s.t.c.s.AnnotationConfigContextLoaderUtils - Could not detect default configuration classes for test class [org.prgrms.vouchermanager.service.WalletServiceTest]: WalletServiceTest does not declare any static, non-private, non-final, nested classes annotated with @Configuration.
[2023-10-26 15:03:21:2580][main] WARN  o.s.test.context.TestContextManager - Caught exception while invoking 'beforeTestMethod' callback on TestExecutionListener [org.springframework.test.context.transaction.TransactionalTestExecutionListener] for test method [void org.prgrms.vouchermanager.service.WalletServiceTest.findAll()] and test instance [org.prgrms.vouchermanager.service.WalletServiceTest@54cf7c6a]
java.lang.IllegalStateException: Failed to retrieve PlatformTransactionManager for @Transactional test: [DefaultTestContext@5527b211 testClass = org.prgrms.vouchermanager.service.WalletServiceTest, testInstance = org.prgrms.vouchermanager.service.WalletServiceTest@54cf7c6a, testMethod = findAll(), testException = null, mergedContextConfiguration = [MergedContextConfiguration@50756c76 testClass = org.prgrms.vouchermanager.service.WalletServiceTest, locations = [], classes = [], contextInitializerClasses = [], activeProfiles = [], propertySourceLocations = [], propertySourceProperties = [], contextCustomizers = [org.springframework.boot.test.context.filter.ExcludeFilterContextCustomizer@7aaca91a, org.springframework.boot.test.json.DuplicateJsonObjectContextCustomizerFactory$DuplicateJsonObjectContextCustomizer@225129c, org.springframework.boot.test.mock.mockito.MockitoContextCustomizer@0, org.springframework.boot.test.autoconfigure.actuate.observability.ObservabilityContextCustomizerFactory$DisableObservabilityContextCustomizer@1f, org.springframework.boot.test.autoconfigure.properties.PropertyMappingContextCustomizer@0, org.springframework.boot.test.autoconfigure.web.servlet.WebDriverContextCustomizer@291f18], contextLoader = org.springframework.test.context.support.DelegatingSmartContextLoader, parent = null], attributes = {"org.springframework.test.context.event.ApplicationEventsTestExecutionListener.recordApplicationEvents" -> false, "org.springframework.boot.test.mock.mockito.MockitoTestExecutionListener.mocks" -> org.mockito.internal.configuration.InjectingAnnotationEngine$$Lambda$537/0x0000000800ef7348@52169758}]
	at org.springframework.util.Assert.state(Assert.java:97)
	at org.springframework.test.context.transaction.TransactionalTestExecutionListener.beforeTestMethod(TransactionalTestExecutionListener.java:228)
	at org.springframework.test.context.TestContextManager.beforeTestMethod(TestContextManager.java:288)
	at org.springframework.test.context.junit.jupiter.SpringExtension.beforeEach(SpringExtension.java:174)
	at org.junit.jupiter.engine.descriptor.TestMethodTestDescriptor.lambda$invokeBeforeEachCallbacks$2(TestMethodTestDescriptor.java:166)
	at org.junit.jupiter.engine.descriptor.TestMethodTestDescriptor.lambda$invokeBeforeMethodsOrCallbacksUntilExceptionOccurs$6(TestMethodTestDescriptor.java:202)
	at org.junit.platform.engine.support.hierarchical.ThrowableCollector.execute(ThrowableCollector.java:73)
	at org.junit.jupiter.engine.descriptor.TestMethodTestDescriptor.invokeBeforeMethodsOrCallbacksUntilExceptionOccurs(TestMethodTestDescriptor.java:202)
	at org.junit.jupiter.engine.descriptor.TestMethodTestDescriptor.invokeBeforeEachCallbacks(TestMethodTestDescriptor.java:165)
	at org.junit.jupiter.engine.descriptor.TestMethodTestDescriptor.execute(TestMethodTestDescriptor.java:132)
	at org.junit.jupiter.engine.descriptor.TestMethodTestDescriptor.execute(TestMethodTestDescriptor.java:68)
	at org.junit.platform.engine.support.hierarchical.NodeTestTask.lambda$executeRecursively$6(NodeTestTask.java:151)
	at org.junit.platform.engine.support.hierarchical.ThrowableCollector.execute(ThrowableCollector.java:73)
	at org.junit.platform.engine.support.hierarchical.NodeTestTask.lambda$executeRecursively$8(NodeTestTask.java:141)
	at org.junit.platform.engine.support.hierarchical.Node.around(Node.java:137)
	at org.junit.platform.engine.support.hierarchical.NodeTestTask.lambda$executeRecursively$9(NodeTestTask.java:139)
	at org.junit.platform.engine.support.hierarchical.ThrowableCollector.execute(ThrowableCollector.java:73)
	at org.junit.platform.engine.support.hierarchical.NodeTestTask.executeRecursively(NodeTestTask.java:138)
	at org.junit.platform.engine.support.hierarchical.NodeTestTask.execute(NodeTestTask.java:95)
	at java.base/java.util.ArrayList.forEach(ArrayList.java:1511)
	at org.junit.platform.engine.support.hierarchical.SameThreadHierarchicalTestExecutorService.invokeAll(SameThreadHierarchicalTestExecutorService.java:41)
	at org.junit.platform.engine.support.hierarchical.NodeTestTask.lambda$executeRecursively$6(NodeTestTask.java:155)
	at org.junit.platform.engine.support.hierarchical.ThrowableCollector.execute(ThrowableCollector.java:73)
	at org.junit.platform.engine.support.hierarchical.NodeTestTask.lambda$executeRecursively$8(NodeTestTask.java:141)
	at org.junit.platform.engine.support.hierarchical.Node.around(Node.java:137)
	at org.junit.platform.engine.support.hierarchical.NodeTestTask.lambda$executeRecursively$9(NodeTestTask.java:139)
	at org.junit.platform.engine.support.hierarchical.ThrowableCollector.execute(ThrowableCollector.java:73)
	at org.junit.platform.engine.support.hierarchical.NodeTestTask.executeRecursively(NodeTestTask.java:138)
	at org.junit.platform.engine.support.hierarchical.NodeTestTask.execute(NodeTestTask.java:95)
	at java.base/java.util.ArrayList.forEach(ArrayList.java:1511)
	at org.junit.platform.engine.support.hierarchical.SameThreadHierarchicalTestExecutorService.invokeAll(SameThreadHierarchicalTestExecutorService.java:41)
	at org.junit.platform.engine.support.hierarchical.NodeTestTask.lambda$executeRecursively$6(NodeTestTask.java:155)
	at org.junit.platform.engine.support.hierarchical.ThrowableCollector.execute(ThrowableCollector.java:73)
	at org.junit.platform.engine.support.hierarchical.NodeTestTask.lambda$executeRecursively$8(NodeTestTask.java:141)
	at org.junit.platform.engine.support.hierarchical.Node.around(Node.java:137)
	at org.junit.platform.engine.support.hierarchical.NodeTestTask.lambda$executeRecursively$9(NodeTestTask.java:139)
	at org.junit.platform.engine.support.hierarchical.ThrowableCollector.execute(ThrowableCollector.java:73)
	at org.junit.platform.engine.support.hierarchical.NodeTestTask.executeRecursively(NodeTestTask.java:138)
	at org.junit.platform.engine.support.hierarchical.NodeTestTask.execute(NodeTestTask.java:95)
	at org.junit.platform.engine.support.hierarchical.SameThreadHierarchicalTestExecutorService.submit(SameThreadHierarchicalTestExecutorService.java:35)
	at org.junit.platform.engine.support.hierarchical.HierarchicalTestExecutor.execute(HierarchicalTestExecutor.java:57)
	at org.junit.platform.engine.support.hierarchical.HierarchicalTestEngine.execute(HierarchicalTestEngine.java:54)
	at org.junit.platform.launcher.core.EngineExecutionOrchestrator.execute(EngineExecutionOrchestrator.java:147)
	at org.junit.platform.launcher.core.EngineExecutionOrchestrator.execute(EngineExecutionOrchestrator.java:127)
	at org.junit.platform.launcher.core.EngineExecutionOrchestrator.execute(EngineExecutionOrchestrator.java:90)
	at org.junit.platform.launcher.core.EngineExecutionOrchestrator.lambda$execute$0(EngineExecutionOrchestrator.java:55)
	at org.junit.platform.launcher.core.EngineExecutionOrchestrator.withInterceptedStreams(EngineExecutionOrchestrator.java:102)
	at org.junit.platform.launcher.core.EngineExecutionOrchestrator.execute(EngineExecutionOrchestrator.java:54)
	at org.junit.platform.launcher.core.DefaultLauncher.execute(DefaultLauncher.java:114)
	at org.junit.platform.launcher.core.DefaultLauncher.execute(DefaultLauncher.java:86)
	at org.junit.platform.launcher.core.DefaultLauncherSession$DelegatingLauncher.execute(DefaultLauncherSession.java:86)
	at org.junit.platform.launcher.core.SessionPerRequestLauncher.execute(SessionPerRequestLauncher.java:53)
	at com.intellij.junit5.JUnit5IdeaTestRunner.startRunnerWithArgs(JUnit5IdeaTestRunner.java:57)
	at com.intellij.rt.junit.IdeaTestRunner$Repeater$1.execute(IdeaTestRunner.java:38)
	at com.intellij.rt.execution.junit.TestsRepeater.repeat(TestsRepeater.java:11)
	at com.intellij.rt.junit.IdeaTestRunner$Repeater.startRunnerWithArgs(IdeaTestRunner.java:35)
	at com.intellij.rt.junit.JUnitStarter.prepareStreamsAndStart(JUnitStarter.java:232)
	at com.intellij.rt.junit.JUnitStarter.main(JUnitStarter.java:55)
[2023-10-26 15:11:39:1449][main] INFO  o.s.t.c.s.AnnotationConfigContextLoaderUtils - Could not detect default configuration classes for test class [org.prgrms.vouchermanager.service.WalletServiceTest]: WalletServiceTest does not declare any static, non-private, non-final, nested classes annotated with @Configuration.
[2023-10-26 15:11:42:4144][main] WARN  o.s.test.context.TestContextManager - Caught exception while invoking 'beforeTestMethod' callback on TestExecutionListener [org.springframework.test.context.transaction.TransactionalTestExecutionListener] for test method [void org.prgrms.vouchermanager.service.WalletServiceTest.findAll()] and test instance [org.prgrms.vouchermanager.service.WalletServiceTest@a0db585]
java.lang.IllegalStateException: Failed to retrieve PlatformTransactionManager for @Transactional test: [DefaultTestContext@7636823f testClass = org.prgrms.vouchermanager.service.WalletServiceTest, testInstance = org.prgrms.vouchermanager.service.WalletServiceTest@a0db585, testMethod = findAll(), testException = null, mergedContextConfiguration = [MergedContextConfiguration@3d37203b testClass = org.prgrms.vouchermanager.service.WalletServiceTest, locations = [], classes = [], contextInitializerClasses = [], activeProfiles = [], propertySourceLocations = [], propertySourceProperties = [], contextCustomizers = [org.springframework.boot.test.context.filter.ExcludeFilterContextCustomizer@5965be2d, org.springframework.boot.test.json.DuplicateJsonObjectContextCustomizerFactory$DuplicateJsonObjectContextCustomizer@3eb77ea8, org.springframework.boot.test.mock.mockito.MockitoContextCustomizer@0, org.springframework.boot.test.autoconfigure.actuate.observability.ObservabilityContextCustomizerFactory$DisableObservabilityContextCustomizer@1f, org.springframework.boot.test.autoconfigure.properties.PropertyMappingContextCustomizer@0, org.springframework.boot.test.autoconfigure.web.servlet.WebDriverContextCustomizer@73d983ea], contextLoader = org.springframework.test.context.support.DelegatingSmartContextLoader, parent = null], attributes = {"org.springframework.test.context.event.ApplicationEventsTestExecutionListener.recordApplicationEvents" -> false, "org.springframework.boot.test.mock.mockito.MockitoTestExecutionListener.mocks" -> org.mockito.internal.configuration.InjectingAnnotationEngine$$Lambda$537/0x0000000800ef39a8@5527b211}]
	at org.springframework.util.Assert.state(Assert.java:97)
	at org.springframework.test.context.transaction.TransactionalTestExecutionListener.beforeTestMethod(TransactionalTestExecutionListener.java:228)
	at org.springframework.test.context.TestContextManager.beforeTestMethod(TestContextManager.java:288)
	at org.springframework.test.context.junit.jupiter.SpringExtension.beforeEach(SpringExtension.java:174)
	at org.junit.jupiter.engine.descriptor.TestMethodTestDescriptor.lambda$invokeBeforeEachCallbacks$2(TestMethodTestDescriptor.java:166)
	at org.junit.jupiter.engine.descriptor.TestMethodTestDescriptor.lambda$invokeBeforeMethodsOrCallbacksUntilExceptionOccurs$6(TestMethodTestDescriptor.java:202)
	at org.junit.platform.engine.support.hierarchical.ThrowableCollector.execute(ThrowableCollector.java:73)
	at org.junit.jupiter.engine.descriptor.TestMethodTestDescriptor.invokeBeforeMethodsOrCallbacksUntilExceptionOccurs(TestMethodTestDescriptor.java:202)
	at org.junit.jupiter.engine.descriptor.TestMethodTestDescriptor.invokeBeforeEachCallbacks(TestMethodTestDescriptor.java:165)
	at org.junit.jupiter.engine.descriptor.TestMethodTestDescriptor.execute(TestMethodTestDescriptor.java:132)
	at org.junit.jupiter.engine.descriptor.TestMethodTestDescriptor.execute(TestMethodTestDescriptor.java:68)
	at org.junit.platform.engine.support.hierarchical.NodeTestTask.lambda$executeRecursively$6(NodeTestTask.java:151)
	at org.junit.platform.engine.support.hierarchical.ThrowableCollector.execute(ThrowableCollector.java:73)
	at org.junit.platform.engine.support.hierarchical.NodeTestTask.lambda$executeRecursively$8(NodeTestTask.java:141)
	at org.junit.platform.engine.support.hierarchical.Node.around(Node.java:137)
	at org.junit.platform.engine.support.hierarchical.NodeTestTask.lambda$executeRecursively$9(NodeTestTask.java:139)
	at org.junit.platform.engine.support.hierarchical.ThrowableCollector.execute(ThrowableCollector.java:73)
	at org.junit.platform.engine.support.hierarchical.NodeTestTask.executeRecursively(NodeTestTask.java:138)
	at org.junit.platform.engine.support.hierarchical.NodeTestTask.execute(NodeTestTask.java:95)
	at java.base/java.util.ArrayList.forEach(ArrayList.java:1511)
	at org.junit.platform.engine.support.hierarchical.SameThreadHierarchicalTestExecutorService.invokeAll(SameThreadHierarchicalTestExecutorService.java:41)
	at org.junit.platform.engine.support.hierarchical.NodeTestTask.lambda$executeRecursively$6(NodeTestTask.java:155)
	at org.junit.platform.engine.support.hierarchical.ThrowableCollector.execute(ThrowableCollector.java:73)
	at org.junit.platform.engine.support.hierarchical.NodeTestTask.lambda$executeRecursively$8(NodeTestTask.java:141)
	at org.junit.platform.engine.support.hierarchical.Node.around(Node.java:137)
	at org.junit.platform.engine.support.hierarchical.NodeTestTask.lambda$executeRecursively$9(NodeTestTask.java:139)
	at org.junit.platform.engine.support.hierarchical.ThrowableCollector.execute(ThrowableCollector.java:73)
	at org.junit.platform.engine.support.hierarchical.NodeTestTask.executeRecursively(NodeTestTask.java:138)
	at org.junit.platform.engine.support.hierarchical.NodeTestTask.execute(NodeTestTask.java:95)
	at java.base/java.util.ArrayList.forEach(ArrayList.java:1511)
	at org.junit.platform.engine.support.hierarchical.SameThreadHierarchicalTestExecutorService.invokeAll(SameThreadHierarchicalTestExecutorService.java:41)
	at org.junit.platform.engine.support.hierarchical.NodeTestTask.lambda$executeRecursively$6(NodeTestTask.java:155)
	at org.junit.platform.engine.support.hierarchical.ThrowableCollector.execute(ThrowableCollector.java:73)
	at org.junit.platform.engine.support.hierarchical.NodeTestTask.lambda$executeRecursively$8(NodeTestTask.java:141)
	at org.junit.platform.engine.support.hierarchical.Node.around(Node.java:137)
	at org.junit.platform.engine.support.hierarchical.NodeTestTask.lambda$executeRecursively$9(NodeTestTask.java:139)
	at org.junit.platform.engine.support.hierarchical.ThrowableCollector.execute(ThrowableCollector.java:73)
	at org.junit.platform.engine.support.hierarchical.NodeTestTask.executeRecursively(NodeTestTask.java:138)
	at org.junit.platform.engine.support.hierarchical.NodeTestTask.execute(NodeTestTask.java:95)
	at org.junit.platform.engine.support.hierarchical.SameThreadHierarchicalTestExecutorService.submit(SameThreadHierarchicalTestExecutorService.java:35)
	at org.junit.platform.engine.support.hierarchical.HierarchicalTestExecutor.execute(HierarchicalTestExecutor.java:57)
	at org.junit.platform.engine.support.hierarchical.HierarchicalTestEngine.execute(HierarchicalTestEngine.java:54)
	at org.junit.platform.launcher.core.EngineExecutionOrchestrator.execute(EngineExecutionOrchestrator.java:147)
	at org.junit.platform.launcher.core.EngineExecutionOrchestrator.execute(EngineExecutionOrchestrator.java:127)
	at org.junit.platform.launcher.core.EngineExecutionOrchestrator.execute(EngineExecutionOrchestrator.java:90)
	at org.junit.platform.launcher.core.EngineExecutionOrchestrator.lambda$execute$0(EngineExecutionOrchestrator.java:55)
	at org.junit.platform.launcher.core.EngineExecutionOrchestrator.withInterceptedStreams(EngineExecutionOrchestrator.java:102)
	at org.junit.platform.launcher.core.EngineExecutionOrchestrator.execute(EngineExecutionOrchestrator.java:54)
	at org.junit.platform.launcher.core.DefaultLauncher.execute(DefaultLauncher.java:114)
	at org.junit.platform.launcher.core.DefaultLauncher.execute(DefaultLauncher.java:86)
	at org.junit.platform.launcher.core.DefaultLauncherSession$DelegatingLauncher.execute(DefaultLauncherSession.java:86)
	at org.junit.platform.launcher.core.SessionPerRequestLauncher.execute(SessionPerRequestLauncher.java:53)
	at com.intellij.junit5.JUnit5IdeaTestRunner.startRunnerWithArgs(JUnit5IdeaTestRunner.java:57)
	at com.intellij.rt.junit.IdeaTestRunner$Repeater$1.execute(IdeaTestRunner.java:38)
	at com.intellij.rt.execution.junit.TestsRepeater.repeat(TestsRepeater.java:11)
	at com.intellij.rt.junit.IdeaTestRunner$Repeater.startRunnerWithArgs(IdeaTestRunner.java:35)
	at com.intellij.rt.junit.JUnitStarter.prepareStreamsAndStart(JUnitStarter.java:232)
	at com.intellij.rt.junit.JUnitStarter.main(JUnitStarter.java:55)
[2023-10-26 15:12:03:576][main] INFO  o.s.t.c.s.AnnotationConfigContextLoaderUtils - Could not detect default configuration classes for test class [org.prgrms.vouchermanager.service.WalletServiceTest]: WalletServiceTest does not declare any static, non-private, non-final, nested classes annotated with @Configuration.
[2023-10-26 15:12:03:936][main] INFO  o.s.b.t.c.SpringBootTestContextBootstrapper - Found @SpringBootConfiguration org.prgrms.vouchermanager.VouchermanagerApplication for test class org.prgrms.vouchermanager.service.WalletServiceTest
[2023-10-26 15:12:05:3352][main] INFO  o.p.v.service.WalletServiceTest - Starting WalletServiceTest using Java 17.0.6 with PID 20504 (started by dlswn in D:\Users\programmers\vouchermanager)
[2023-10-26 15:12:05:3353][main] INFO  o.p.v.service.WalletServiceTest - The following 1 profile is active: "jdbc"
[2023-10-26 15:12:07:4616][main] INFO  o.p.v.service.WalletServiceTest - Started WalletServiceTest in 1.806 seconds (process running for 5.54)
[2023-10-26 15:12:07:4655][main] INFO  com.zaxxer.hikari.HikariDataSource - HikariPool-1 - Starting...
[2023-10-26 15:12:07:5111][main] INFO  com.zaxxer.hikari.pool.HikariPool - HikariPool-1 - Added connection com.mysql.cj.jdbc.ConnectionImpl@5563bb40
[2023-10-26 15:12:07:5113][main] INFO  com.zaxxer.hikari.HikariDataSource - HikariPool-1 - Start completed.
[2023-10-26 15:12:07:5253][SpringApplicationShutdownHook] INFO  com.zaxxer.hikari.HikariDataSource - HikariPool-1 - Shutdown initiated...
[2023-10-26 15:12:07:5263][SpringApplicationShutdownHook] INFO  com.zaxxer.hikari.HikariDataSource - HikariPool-1 - Shutdown completed.
[2023-10-26 15:13:49:724][main] INFO  o.s.t.c.s.AnnotationConfigContextLoaderUtils - Could not detect default configuration classes for test class [org.prgrms.vouchermanager.service.WalletServiceTest]: WalletServiceTest does not declare any static, non-private, non-final, nested classes annotated with @Configuration.
[2023-10-26 15:15:14:587][main] INFO  o.s.t.c.s.AnnotationConfigContextLoaderUtils - Could not detect default configuration classes for test class [org.prgrms.vouchermanager.service.CustomerServiceTest]: CustomerServiceTest does not declare any static, non-private, non-final, nested classes annotated with @Configuration.
[2023-10-26 15:15:17:3156][main] INFO  o.s.t.c.s.AnnotationConfigContextLoaderUtils - Could not detect default configuration classes for test class [org.prgrms.vouchermanager.service.VoucherServiceTest]: VoucherServiceTest does not declare any static, non-private, non-final, nested classes annotated with @Configuration.
[2023-10-26 15:15:17:3248][main] INFO  o.s.t.c.s.AnnotationConfigContextLoaderUtils - Could not detect default configuration classes for test class [org.prgrms.vouchermanager.service.VoucherServiceTest$find]: find does not declare any static, non-private, non-final, nested classes annotated with @Configuration.
[2023-10-26 15:15:17:3317][main] INFO  o.s.t.c.s.AnnotationConfigContextLoaderUtils - Could not detect default configuration classes for test class [org.prgrms.vouchermanager.service.WalletServiceTest]: WalletServiceTest does not declare any static, non-private, non-final, nested classes annotated with @Configuration.
[2023-10-26 15:15:48:490][main] INFO  o.s.t.c.s.AnnotationConfigContextLoaderUtils - Could not detect default configuration classes for test class [org.prgrms.vouchermanager.repository.voucher.JdbcVoucherRepositoryTest]: JdbcVoucherRepositoryTest does not declare any static, non-private, non-final, nested classes annotated with @Configuration.
[2023-10-26 15:15:48:675][main] INFO  o.s.b.t.c.SpringBootTestContextBootstrapper - Found @SpringBootConfiguration org.prgrms.vouchermanager.VouchermanagerApplication for test class org.prgrms.vouchermanager.repository.voucher.JdbcVoucherRepositoryTest
[2023-10-26 15:16:06:485][main] INFO  o.s.t.c.s.AnnotationConfigContextLoaderUtils - Could not detect default configuration classes for test class [org.prgrms.vouchermanager.repository.voucher.JdbcVoucherRepositoryTest]: JdbcVoucherRepositoryTest does not declare any static, non-private, non-final, nested classes annotated with @Configuration.
[2023-10-26 15:16:07:702][main] INFO  o.s.b.t.c.SpringBootTestContextBootstrapper - Found @SpringBootConfiguration org.prgrms.vouchermanager.VouchermanagerApplication for test class org.prgrms.vouchermanager.repository.voucher.JdbcVoucherRepositoryTest
[2023-10-26 15:16:07:1291][main] INFO  o.p.v.r.v.JdbcVoucherRepositoryTest - Starting JdbcVoucherRepositoryTest using Java 17.0.6 with PID 26128 (started by dlswn in D:\Users\programmers\vouchermanager)
[2023-10-26 15:16:07:1293][main] INFO  o.p.v.r.v.JdbcVoucherRepositoryTest - The following 1 profile is active: "jdbc"
[2023-10-26 15:16:08:2314][main] INFO  o.p.v.r.v.JdbcVoucherRepositoryTest - Started JdbcVoucherRepositoryTest in 1.344 seconds (process running for 3.032)
[2023-10-26 15:16:08:2360][main] INFO  com.zaxxer.hikari.HikariDataSource - HikariPool-1 - Starting...
[2023-10-26 15:16:09:2826][main] INFO  com.zaxxer.hikari.pool.HikariPool - HikariPool-1 - Added connection com.mysql.cj.jdbc.ConnectionImpl@511f5b1d
[2023-10-26 15:16:09:2828][main] INFO  com.zaxxer.hikari.HikariDataSource - HikariPool-1 - Start completed.
[2023-10-26 15:16:10:3991][main] ERROR o.p.v.r.v.JdbcVoucherRepository - Not exist
[2023-10-26 15:16:10:4006][SpringApplicationShutdownHook] INFO  com.zaxxer.hikari.HikariDataSource - HikariPool-1 - Shutdown initiated...
[2023-10-26 15:16:10:4021][SpringApplicationShutdownHook] INFO  com.zaxxer.hikari.HikariDataSource - HikariPool-1 - Shutdown completed.
[2023-10-26 20:50:48:382][main] INFO  o.s.t.c.s.AnnotationConfigContextLoaderUtils - Could not detect default configuration classes for test class [org.prgrms.vouchermanager.service.WalletServiceTest]: WalletServiceTest does not declare any static, non-private, non-final, nested classes annotated with @Configuration.
[2023-10-26 20:50:48:463][main] INFO  o.s.t.c.s.AnnotationConfigContextLoaderUtils - Could not detect default configuration classes for test class [org.prgrms.vouchermanager.service.WalletServiceTest$create]: create does not declare any static, non-private, non-final, nested classes annotated with @Configuration.
[2023-10-26 20:52:29:353][main] INFO  o.s.t.c.s.AnnotationConfigContextLoaderUtils - Could not detect default configuration classes for test class [org.prgrms.vouchermanager.service.WalletServiceTest]: WalletServiceTest does not declare any static, non-private, non-final, nested classes annotated with @Configuration.
[2023-10-26 20:52:29:428][main] INFO  o.s.t.c.s.AnnotationConfigContextLoaderUtils - Could not detect default configuration classes for test class [org.prgrms.vouchermanager.service.WalletServiceTest$create]: create does not declare any static, non-private, non-final, nested classes annotated with @Configuration.
[2023-10-26 20:54:44:386][main] INFO  o.s.t.c.s.AnnotationConfigContextLoaderUtils - Could not detect default configuration classes for test class [org.prgrms.vouchermanager.service.WalletServiceTest]: WalletServiceTest does not declare any static, non-private, non-final, nested classes annotated with @Configuration.
[2023-10-26 20:54:44:467][main] INFO  o.s.t.c.s.AnnotationConfigContextLoaderUtils - Could not detect default configuration classes for test class [org.prgrms.vouchermanager.service.WalletServiceTest$create]: create does not declare any static, non-private, non-final, nested classes annotated with @Configuration.
[2023-10-26 21:01:19:388][main] INFO  o.s.t.c.s.AnnotationConfigContextLoaderUtils - Could not detect default configuration classes for test class [org.prgrms.vouchermanager.service.WalletServiceTest]: WalletServiceTest does not declare any static, non-private, non-final, nested classes annotated with @Configuration.
[2023-10-26 21:01:19:472][main] INFO  o.s.t.c.s.AnnotationConfigContextLoaderUtils - Could not detect default configuration classes for test class [org.prgrms.vouchermanager.service.WalletServiceTest$find]: find does not declare any static, non-private, non-final, nested classes annotated with @Configuration.
[2023-10-26 21:01:39:404][main] INFO  o.s.t.c.s.AnnotationConfigContextLoaderUtils - Could not detect default configuration classes for test class [org.prgrms.vouchermanager.service.WalletServiceTest]: WalletServiceTest does not declare any static, non-private, non-final, nested classes annotated with @Configuration.
[2023-10-26 21:01:39:505][main] INFO  o.s.t.c.s.AnnotationConfigContextLoaderUtils - Could not detect default configuration classes for test class [org.prgrms.vouchermanager.service.WalletServiceTest$find]: find does not declare any static, non-private, non-final, nested classes annotated with @Configuration.
[2023-10-26 21:06:21:415][main] INFO  o.s.t.c.s.AnnotationConfigContextLoaderUtils - Could not detect default configuration classes for test class [org.prgrms.vouchermanager.service.WalletServiceTest]: WalletServiceTest does not declare any static, non-private, non-final, nested classes annotated with @Configuration.
[2023-10-26 21:06:21:502][main] INFO  o.s.t.c.s.AnnotationConfigContextLoaderUtils - Could not detect default configuration classes for test class [org.prgrms.vouchermanager.service.WalletServiceTest$find]: find does not declare any static, non-private, non-final, nested classes annotated with @Configuration.
[2023-10-26 21:11:44:446][main] INFO  o.s.t.c.s.AnnotationConfigContextLoaderUtils - Could not detect default configuration classes for test class [org.prgrms.vouchermanager.service.WalletServiceTest]: WalletServiceTest does not declare any static, non-private, non-final, nested classes annotated with @Configuration.
[2023-10-26 21:11:44:541][main] INFO  o.s.t.c.s.AnnotationConfigContextLoaderUtils - Could not detect default configuration classes for test class [org.prgrms.vouchermanager.service.WalletServiceTest$find]: find does not declare any static, non-private, non-final, nested classes annotated with @Configuration.
[2023-10-26 21:12:17:397][main] INFO  o.s.t.c.s.AnnotationConfigContextLoaderUtils - Could not detect default configuration classes for test class [org.prgrms.vouchermanager.service.WalletServiceTest]: WalletServiceTest does not declare any static, non-private, non-final, nested classes annotated with @Configuration.
[2023-10-26 21:12:17:496][main] INFO  o.s.t.c.s.AnnotationConfigContextLoaderUtils - Could not detect default configuration classes for test class [org.prgrms.vouchermanager.service.WalletServiceTest$find]: find does not declare any static, non-private, non-final, nested classes annotated with @Configuration.
[2023-10-26 21:12:45:451][main] INFO  o.s.t.c.s.AnnotationConfigContextLoaderUtils - Could not detect default configuration classes for test class [org.prgrms.vouchermanager.service.WalletServiceTest]: WalletServiceTest does not declare any static, non-private, non-final, nested classes annotated with @Configuration.
[2023-10-26 21:12:46:549][main] INFO  o.s.t.c.s.AnnotationConfigContextLoaderUtils - Could not detect default configuration classes for test class [org.prgrms.vouchermanager.service.WalletServiceTest$find]: find does not declare any static, non-private, non-final, nested classes annotated with @Configuration.
[2023-10-26 21:14:20:591][main] INFO  o.s.t.c.s.AnnotationConfigContextLoaderUtils - Could not detect default configuration classes for test class [org.prgrms.vouchermanager.service.WalletServiceTest]: WalletServiceTest does not declare any static, non-private, non-final, nested classes annotated with @Configuration.
[2023-10-26 21:14:20:726][main] INFO  o.s.t.c.s.AnnotationConfigContextLoaderUtils - Could not detect default configuration classes for test class [org.prgrms.vouchermanager.service.WalletServiceTest$find]: find does not declare any static, non-private, non-final, nested classes annotated with @Configuration.
[2023-10-26 21:15:12:415][main] INFO  o.s.t.c.s.AnnotationConfigContextLoaderUtils - Could not detect default configuration classes for test class [org.prgrms.vouchermanager.service.WalletServiceTest]: WalletServiceTest does not declare any static, non-private, non-final, nested classes annotated with @Configuration.
[2023-10-26 21:15:12:512][main] INFO  o.s.t.c.s.AnnotationConfigContextLoaderUtils - Could not detect default configuration classes for test class [org.prgrms.vouchermanager.service.WalletServiceTest$create]: create does not declare any static, non-private, non-final, nested classes annotated with @Configuration.
[2023-10-26 21:21:06:370][main] INFO  o.s.t.c.s.AnnotationConfigContextLoaderUtils - Could not detect default configuration classes for test class [org.prgrms.vouchermanager.service.WalletServiceTest]: WalletServiceTest does not declare any static, non-private, non-final, nested classes annotated with @Configuration.
[2023-10-26 21:21:06:459][main] INFO  o.s.t.c.s.AnnotationConfigContextLoaderUtils - Could not detect default configuration classes for test class [org.prgrms.vouchermanager.service.WalletServiceTest$find]: find does not declare any static, non-private, non-final, nested classes annotated with @Configuration.
[2023-10-26 21:21:58:457][main] INFO  o.s.t.c.s.AnnotationConfigContextLoaderUtils - Could not detect default configuration classes for test class [org.prgrms.vouchermanager.service.WalletServiceTest]: WalletServiceTest does not declare any static, non-private, non-final, nested classes annotated with @Configuration.
[2023-10-26 21:21:58:569][main] INFO  o.s.t.c.s.AnnotationConfigContextLoaderUtils - Could not detect default configuration classes for test class [org.prgrms.vouchermanager.service.WalletServiceTest$find]: find does not declare any static, non-private, non-final, nested classes annotated with @Configuration.
[2023-10-26 21:22:13:378][main] INFO  o.s.t.c.s.AnnotationConfigContextLoaderUtils - Could not detect default configuration classes for test class [org.prgrms.vouchermanager.service.WalletServiceTest]: WalletServiceTest does not declare any static, non-private, non-final, nested classes annotated with @Configuration.
[2023-10-26 21:22:13:477][main] INFO  o.s.t.c.s.AnnotationConfigContextLoaderUtils - Could not detect default configuration classes for test class [org.prgrms.vouchermanager.service.WalletServiceTest$find]: find does not declare any static, non-private, non-final, nested classes annotated with @Configuration.
[2023-10-26 21:29:52:383][main] INFO  o.s.t.c.s.AnnotationConfigContextLoaderUtils - Could not detect default configuration classes for test class [org.prgrms.vouchermanager.service.WalletServiceTest]: WalletServiceTest does not declare any static, non-private, non-final, nested classes annotated with @Configuration.
[2023-10-26 21:29:52:469][main] INFO  o.s.t.c.s.AnnotationConfigContextLoaderUtils - Could not detect default configuration classes for test class [org.prgrms.vouchermanager.service.WalletServiceTest$delete]: delete does not declare any static, non-private, non-final, nested classes annotated with @Configuration.
[2023-10-26 21:31:34:363][main] INFO  o.s.t.c.s.AnnotationConfigContextLoaderUtils - Could not detect default configuration classes for test class [org.prgrms.vouchermanager.service.WalletServiceTest]: WalletServiceTest does not declare any static, non-private, non-final, nested classes annotated with @Configuration.
[2023-10-26 21:31:34:447][main] INFO  o.s.t.c.s.AnnotationConfigContextLoaderUtils - Could not detect default configuration classes for test class [org.prgrms.vouchermanager.service.WalletServiceTest$delete]: delete does not declare any static, non-private, non-final, nested classes annotated with @Configuration.
[2023-10-26 21:31:54:369][main] INFO  o.s.t.c.s.AnnotationConfigContextLoaderUtils - Could not detect default configuration classes for test class [org.prgrms.vouchermanager.service.WalletServiceTest]: WalletServiceTest does not declare any static, non-private, non-final, nested classes annotated with @Configuration.
[2023-10-26 21:31:54:463][main] INFO  o.s.t.c.s.AnnotationConfigContextLoaderUtils - Could not detect default configuration classes for test class [org.prgrms.vouchermanager.service.WalletServiceTest$delete]: delete does not declare any static, non-private, non-final, nested classes annotated with @Configuration.
[2023-10-26 21:36:07:406][main] INFO  o.s.t.c.s.AnnotationConfigContextLoaderUtils - Could not detect default configuration classes for test class [org.prgrms.vouchermanager.service.WalletServiceTest]: WalletServiceTest does not declare any static, non-private, non-final, nested classes annotated with @Configuration.
[2023-10-26 21:36:07:511][main] INFO  o.s.t.c.s.AnnotationConfigContextLoaderUtils - Could not detect default configuration classes for test class [org.prgrms.vouchermanager.service.WalletServiceTest$delete]: delete does not declare any static, non-private, non-final, nested classes annotated with @Configuration.
[2023-10-26 21:37:02:343][main] INFO  o.s.t.c.s.AnnotationConfigContextLoaderUtils - Could not detect default configuration classes for test class [org.prgrms.vouchermanager.service.WalletServiceTest]: WalletServiceTest does not declare any static, non-private, non-final, nested classes annotated with @Configuration.
[2023-10-26 21:37:02:422][main] INFO  o.s.t.c.s.AnnotationConfigContextLoaderUtils - Could not detect default configuration classes for test class [org.prgrms.vouchermanager.service.WalletServiceTest$delete]: delete does not declare any static, non-private, non-final, nested classes annotated with @Configuration.
[2023-10-26 21:37:32:451][main] INFO  o.s.t.c.s.AnnotationConfigContextLoaderUtils - Could not detect default configuration classes for test class [org.prgrms.vouchermanager.service.WalletServiceTest]: WalletServiceTest does not declare any static, non-private, non-final, nested classes annotated with @Configuration.
[2023-10-26 21:37:32:542][main] INFO  o.s.t.c.s.AnnotationConfigContextLoaderUtils - Could not detect default configuration classes for test class [org.prgrms.vouchermanager.service.WalletServiceTest$delete]: delete does not declare any static, non-private, non-final, nested classes annotated with @Configuration.
[2023-10-26 21:39:17:414][main] INFO  o.s.t.c.s.AnnotationConfigContextLoaderUtils - Could not detect default configuration classes for test class [org.prgrms.vouchermanager.service.WalletServiceTest]: WalletServiceTest does not declare any static, non-private, non-final, nested classes annotated with @Configuration.
[2023-10-26 21:39:17:492][main] INFO  o.s.t.c.s.AnnotationConfigContextLoaderUtils - Could not detect default configuration classes for test class [org.prgrms.vouchermanager.service.WalletServiceTest$delete]: delete does not declare any static, non-private, non-final, nested classes annotated with @Configuration.
[2023-10-26 21:40:10:411][main] INFO  o.s.t.c.s.AnnotationConfigContextLoaderUtils - Could not detect default configuration classes for test class [org.prgrms.vouchermanager.repository.wallet.JdbcWalletRepositoryTest]: JdbcWalletRepositoryTest does not declare any static, non-private, non-final, nested classes annotated with @Configuration.
[2023-10-26 21:40:10:591][main] INFO  o.s.b.t.c.SpringBootTestContextBootstrapper - Found @SpringBootConfiguration org.prgrms.vouchermanager.VouchermanagerApplication for test class org.prgrms.vouchermanager.repository.wallet.JdbcWalletRepositoryTest
[2023-10-26 21:40:11:711][main] INFO  o.s.t.c.s.AnnotationConfigContextLoaderUtils - Could not detect default configuration classes for test class [org.prgrms.vouchermanager.repository.wallet.JdbcWalletRepositoryTest$delete]: delete does not declare any static, non-private, non-final, nested classes annotated with @Configuration.
[2023-10-26 21:40:11:714][main] INFO  o.s.b.t.c.SpringBootTestContextBootstrapper - Found @SpringBootConfiguration org.prgrms.vouchermanager.VouchermanagerApplication for test class org.prgrms.vouchermanager.repository.wallet.JdbcWalletRepositoryTest$delete
[2023-10-26 21:40:11:1050][main] INFO  o.p.v.r.w.JdbcWalletRepositoryTest - Starting JdbcWalletRepositoryTest using Java 17.0.6 with PID 20852 (started by dlswn in D:\Users\programmers\vouchermanager)
[2023-10-26 21:40:11:1051][main] INFO  o.p.v.r.w.JdbcWalletRepositoryTest - The following 1 profile is active: "jdbc"
[2023-10-26 21:40:12:1928][main] INFO  o.p.v.r.w.JdbcWalletRepositoryTest - Started JdbcWalletRepositoryTest in 1.158 seconds (process running for 2.627)
[2023-10-26 21:40:12:1963][main] INFO  com.zaxxer.hikari.HikariDataSource - HikariPool-1 - Starting...
[2023-10-26 21:40:12:2396][main] INFO  com.zaxxer.hikari.pool.HikariPool - HikariPool-1 - Added connection com.mysql.cj.jdbc.ConnectionImpl@234c5e41
[2023-10-26 21:40:12:2398][main] INFO  com.zaxxer.hikari.HikariDataSource - HikariPool-1 - Start completed.
[2023-10-26 21:40:13:3344][main] ERROR o.p.v.r.wallet.JdbcWalletRepository - Not exists
[2023-10-26 21:40:13:3345][main] ERROR o.p.v.r.wallet.JdbcWalletRepository - Not exists
[2023-10-26 21:40:13:3429][SpringApplicationShutdownHook] INFO  com.zaxxer.hikari.HikariDataSource - HikariPool-1 - Shutdown initiated...
[2023-10-26 21:40:13:3442][SpringApplicationShutdownHook] INFO  com.zaxxer.hikari.HikariDataSource - HikariPool-1 - Shutdown completed.
[2023-10-26 21:40:40:347][main] INFO  o.s.t.c.s.AnnotationConfigContextLoaderUtils - Could not detect default configuration classes for test class [org.prgrms.vouchermanager.repository.voucher.JdbcVoucherRepositoryTest]: JdbcVoucherRepositoryTest does not declare any static, non-private, non-final, nested classes annotated with @Configuration.
[2023-10-26 21:40:40:508][main] INFO  o.s.b.t.c.SpringBootTestContextBootstrapper - Found @SpringBootConfiguration org.prgrms.vouchermanager.VouchermanagerApplication for test class org.prgrms.vouchermanager.repository.voucher.JdbcVoucherRepositoryTest
[2023-10-26 21:40:40:944][main] INFO  o.p.v.r.v.JdbcVoucherRepositoryTest - Starting JdbcVoucherRepositoryTest using Java 17.0.6 with PID 2584 (started by dlswn in D:\Users\programmers\vouchermanager)
[2023-10-26 21:40:40:945][main] INFO  o.p.v.r.v.JdbcVoucherRepositoryTest - The following 1 profile is active: "jdbc"
[2023-10-26 21:40:41:1805][main] INFO  o.p.v.r.v.JdbcVoucherRepositoryTest - Started JdbcVoucherRepositoryTest in 1.131 seconds (process running for 2.459)
[2023-10-26 21:40:41:1841][main] INFO  com.zaxxer.hikari.HikariDataSource - HikariPool-1 - Starting...
[2023-10-26 21:40:42:2255][main] INFO  com.zaxxer.hikari.pool.HikariPool - HikariPool-1 - Added connection com.mysql.cj.jdbc.ConnectionImpl@ea04cab
[2023-10-26 21:40:42:2265][main] INFO  com.zaxxer.hikari.HikariDataSource - HikariPool-1 - Start completed.
[2023-10-26 21:40:43:3238][main] ERROR o.p.v.r.v.JdbcVoucherRepository - Not exist
[2023-10-26 21:40:43:3251][main] INFO  o.s.t.c.s.AnnotationConfigContextLoaderUtils - Could not detect default configuration classes for test class [org.prgrms.vouchermanager.repository.customer.JdbcCustomerRepositoryTest]: JdbcCustomerRepositoryTest does not declare any static, non-private, non-final, nested classes annotated with @Configuration.
[2023-10-26 21:40:43:3294][main] INFO  o.s.b.t.c.SpringBootTestContextBootstrapper - Found @SpringBootConfiguration org.prgrms.vouchermanager.VouchermanagerApplication for test class org.prgrms.vouchermanager.repository.customer.JdbcCustomerRepositoryTest
[2023-10-26 21:40:43:3370][main] ERROR o.p.v.r.c.JdbcCustomerRepository - Not exists
[2023-10-26 21:40:43:3386][main] INFO  o.s.t.c.s.AnnotationConfigContextLoaderUtils - Could not detect default configuration classes for test class [org.prgrms.vouchermanager.service.CustomerServiceTest]: CustomerServiceTest does not declare any static, non-private, non-final, nested classes annotated with @Configuration.
[2023-10-26 21:40:43:3754][main] INFO  o.s.t.c.s.AnnotationConfigContextLoaderUtils - Could not detect default configuration classes for test class [org.prgrms.vouchermanager.service.VoucherServiceTest]: VoucherServiceTest does not declare any static, non-private, non-final, nested classes annotated with @Configuration.
[2023-10-26 21:40:43:3821][main] INFO  o.s.t.c.s.AnnotationConfigContextLoaderUtils - Could not detect default configuration classes for test class [org.prgrms.vouchermanager.service.VoucherServiceTest$find]: find does not declare any static, non-private, non-final, nested classes annotated with @Configuration.
[2023-10-26 21:40:43:3899][main] INFO  o.s.t.c.s.AnnotationConfigContextLoaderUtils - Could not detect default configuration classes for test class [org.prgrms.vouchermanager.VouchermanagerApplicationTests]: VouchermanagerApplicationTests does not declare any static, non-private, non-final, nested classes annotated with @Configuration.
[2023-10-26 21:40:43:3937][main] INFO  o.s.b.t.c.SpringBootTestContextBootstrapper - Found @SpringBootConfiguration org.prgrms.vouchermanager.VouchermanagerApplication for test class org.prgrms.vouchermanager.VouchermanagerApplicationTests
[2023-10-26 21:40:43:3967][main] INFO  o.s.t.c.s.AnnotationConfigContextLoaderUtils - Could not detect default configuration classes for test class [org.prgrms.vouchermanager.repository.wallet.JdbcWalletRepositoryTest]: JdbcWalletRepositoryTest does not declare any static, non-private, non-final, nested classes annotated with @Configuration.
[2023-10-26 21:40:43:4006][main] INFO  o.s.b.t.c.SpringBootTestContextBootstrapper - Found @SpringBootConfiguration org.prgrms.vouchermanager.VouchermanagerApplication for test class org.prgrms.vouchermanager.repository.wallet.JdbcWalletRepositoryTest
[2023-10-26 21:40:43:4014][main] INFO  o.s.t.c.s.AnnotationConfigContextLoaderUtils - Could not detect default configuration classes for test class [org.prgrms.vouchermanager.repository.wallet.JdbcWalletRepositoryTest$delete]: delete does not declare any static, non-private, non-final, nested classes annotated with @Configuration.
[2023-10-26 21:40:43:4018][main] INFO  o.s.b.t.c.SpringBootTestContextBootstrapper - Found @SpringBootConfiguration org.prgrms.vouchermanager.VouchermanagerApplication for test class org.prgrms.vouchermanager.repository.wallet.JdbcWalletRepositoryTest$delete
[2023-10-26 21:40:43:4047][main] ERROR o.p.v.r.wallet.JdbcWalletRepository - Not exists
[2023-10-26 21:40:43:4049][main] ERROR o.p.v.r.wallet.JdbcWalletRepository - Not exists
[2023-10-26 21:40:43:4059][main] INFO  o.s.t.c.s.AnnotationConfigContextLoaderUtils - Could not detect default configuration classes for test class [org.prgrms.vouchermanager.repository.wallet.JdbcWalletRepositoryTest$findByVoucher]: findByVoucher does not declare any static, non-private, non-final, nested classes annotated with @Configuration.
[2023-10-26 21:40:43:4063][main] INFO  o.s.b.t.c.SpringBootTestContextBootstrapper - Found @SpringBootConfiguration org.prgrms.vouchermanager.VouchermanagerApplication for test class org.prgrms.vouchermanager.repository.wallet.JdbcWalletRepositoryTest$findByVoucher
[2023-10-26 21:40:43:4079][main] ERROR o.p.v.r.wallet.JdbcWalletRepository - Not exists
[2023-10-26 21:40:43:4126][main] INFO  o.s.t.c.s.AnnotationConfigContextLoaderUtils - Could not detect default configuration classes for test class [org.prgrms.vouchermanager.repository.wallet.JdbcWalletRepositoryTest$save]: save does not declare any static, non-private, non-final, nested classes annotated with @Configuration.
[2023-10-26 21:40:43:4129][main] INFO  o.s.b.t.c.SpringBootTestContextBootstrapper - Found @SpringBootConfiguration org.prgrms.vouchermanager.VouchermanagerApplication for test class org.prgrms.vouchermanager.repository.wallet.JdbcWalletRepositoryTest$save
[2023-10-26 21:40:44:4143][main] ERROR o.p.v.r.wallet.JdbcWalletRepository - Not exists
[2023-10-26 21:40:44:4167][main] INFO  o.s.t.c.s.AnnotationConfigContextLoaderUtils - Could not detect default configuration classes for test class [org.prgrms.vouchermanager.service.WalletServiceTest]: WalletServiceTest does not declare any static, non-private, non-final, nested classes annotated with @Configuration.
[2023-10-26 21:40:44:4171][main] INFO  o.s.t.c.s.AnnotationConfigContextLoaderUtils - Could not detect default configuration classes for test class [org.prgrms.vouchermanager.service.WalletServiceTest$delete]: delete does not declare any static, non-private, non-final, nested classes annotated with @Configuration.
[2023-10-26 21:40:44:4291][main] INFO  o.s.t.c.s.AnnotationConfigContextLoaderUtils - Could not detect default configuration classes for test class [org.prgrms.vouchermanager.service.WalletServiceTest$find]: find does not declare any static, non-private, non-final, nested classes annotated with @Configuration.
[2023-10-26 21:40:44:4346][main] INFO  o.s.t.c.s.AnnotationConfigContextLoaderUtils - Could not detect default configuration classes for test class [org.prgrms.vouchermanager.service.WalletServiceTest$create]: create does not declare any static, non-private, non-final, nested classes annotated with @Configuration.
[2023-10-26 21:40:44:4389][SpringApplicationShutdownHook] INFO  com.zaxxer.hikari.HikariDataSource - HikariPool-1 - Shutdown initiated...
[2023-10-26 21:40:44:4409][SpringApplicationShutdownHook] INFO  com.zaxxer.hikari.HikariDataSource - HikariPool-1 - Shutdown completed.
